[debug] [2022-10-28T15:30:54.108Z] ----------------------------------------------------------------------
[debug] [2022-10-28T15:30:54.110Z] Command:       C:\Program Files\nodejs\node.exe C:\Users\MOHAMMAD\AppData\Roaming\npm\node_modules\firebase-tools\lib\bin\firebase.js deploy
[debug] [2022-10-28T15:30:54.111Z] CLI Version:   11.15.0
[debug] [2022-10-28T15:30:54.111Z] Platform:      win32
[debug] [2022-10-28T15:30:54.111Z] Node Version:  v16.17.1
[debug] [2022-10-28T15:30:54.112Z] Time:          Fri Oct 28 2022 18:30:54 GMT+0300 (Arabian Standard Time)
[debug] [2022-10-28T15:30:54.112Z] ----------------------------------------------------------------------
[debug] 
[debug] [2022-10-28T15:30:54.192Z] > command requires scopes: ["email","openid","https://www.googleapis.com/auth/cloudplatformprojects.readonly","https://www.googleapis.com/auth/firebase","https://www.googleapis.com/auth/cloud-platform"]
[debug] [2022-10-28T15:30:54.192Z] > authorizing via signed-in user (mo7ammadamiri@gmail.com)
[debug] [2022-10-28T15:30:54.193Z] [iam] checking project mamiri263-portfolio-678b4 for permissions ["firebase.projects.get","firebasehosting.sites.update"]
[debug] [2022-10-28T15:30:54.195Z] >>> [apiv2][query] POST https://cloudresourcemanager.googleapis.com/v1/projects/mamiri263-portfolio-678b4:testIamPermissions [none]
[debug] [2022-10-28T15:30:54.195Z] >>> [apiv2][(partial)header] POST https://cloudresourcemanager.googleapis.com/v1/projects/mamiri263-portfolio-678b4:testIamPermissions x-goog-quota-user=projects/mamiri263-portfolio-678b4
[debug] [2022-10-28T15:30:54.195Z] >>> [apiv2][body] POST https://cloudresourcemanager.googleapis.com/v1/projects/mamiri263-portfolio-678b4:testIamPermissions {"permissions":["firebase.projects.get","firebasehosting.sites.update"]}
[debug] [2022-10-28T15:30:55.781Z] <<< [apiv2][status] POST https://cloudresourcemanager.googleapis.com/v1/projects/mamiri263-portfolio-678b4:testIamPermissions 200
[debug] [2022-10-28T15:30:55.781Z] <<< [apiv2][body] POST https://cloudresourcemanager.googleapis.com/v1/projects/mamiri263-portfolio-678b4:testIamPermissions {"permissions":["firebase.projects.get","firebasehosting.sites.update"]}
[debug] [2022-10-28T15:30:55.782Z] >>> [apiv2][query] GET https://firebase.googleapis.com/v1beta1/projects/mamiri263-portfolio-678b4 [none]
[debug] [2022-10-28T15:30:56.990Z] <<< [apiv2][status] GET https://firebase.googleapis.com/v1beta1/projects/mamiri263-portfolio-678b4 200
[debug] [2022-10-28T15:30:56.991Z] <<< [apiv2][body] GET https://firebase.googleapis.com/v1beta1/projects/mamiri263-portfolio-678b4 {"projectId":"mamiri263-portfolio-678b4","projectNumber":"246676208119","displayName":"mamiri263-portfolio","name":"projects/mamiri263-portfolio-678b4","resources":{"hostingSite":"mamiri263-portfolio-678b4"},"state":"ACTIVE","etag":"1_09fd51f5-20fc-4e0a-ac32-0ea12c45bbff"}
[info] 
[info] === Deploying to 'mamiri263-portfolio-678b4'...
[info] 
[info] i  deploying hosting 
[debug] [2022-10-28T15:30:57.005Z] >>> [apiv2][query] POST https://firebasehosting.googleapis.com/v1beta1/projects/-/sites/mamiri263-portfolio-678b4/versions [none]
[debug] [2022-10-28T15:30:57.005Z] >>> [apiv2][body] POST https://firebasehosting.googleapis.com/v1beta1/projects/-/sites/mamiri263-portfolio-678b4/versions {"status":"CREATED","labels":{"deployment-tool":"cli-firebase"}}
[debug] [2022-10-28T15:31:00.987Z] <<< [apiv2][status] POST https://firebasehosting.googleapis.com/v1beta1/projects/-/sites/mamiri263-portfolio-678b4/versions 200
[debug] [2022-10-28T15:31:00.988Z] <<< [apiv2][body] POST https://firebasehosting.googleapis.com/v1beta1/projects/-/sites/mamiri263-portfolio-678b4/versions {"name":"projects/246676208119/sites/mamiri263-portfolio-678b4/versions/994ec316fa81092b","status":"CREATED","config":{},"labels":{"deployment-tool":"cli-firebase"}}
[info] i  hosting[mamiri263-portfolio-678b4]: beginning deploy... 
[info] i  hosting[mamiri263-portfolio-678b4]: found 63 files in public 
[debug] [2022-10-28T15:31:01.023Z] [hosting] uploading with 200 concurrency
[debug] [2022-10-28T15:31:01.106Z] [hosting] hash cache [cHVibGlj] stored for 63 files
[debug] [2022-10-28T15:31:01.107Z] [hosting][hash queue][FINAL] {"max":74,"min":0,"avg":12.610068119485616,"active":0,"complete":63,"success":63,"errored":0,"retried":0,"total":63,"elapsed":80}
[debug] [2022-10-28T15:31:01.108Z] >>> [apiv2][query] POST https://firebasehosting.googleapis.com/v1beta1/projects/246676208119/sites/mamiri263-portfolio-678b4/versions/994ec316fa81092b:populateFiles [none]
[debug] [2022-10-28T15:31:01.108Z] >>> [apiv2][body] POST https://firebasehosting.googleapis.com/v1beta1/projects/246676208119/sites/mamiri263-portfolio-678b4/versions/994ec316fa81092b:populateFiles {"files":{"/app-af03c9a1f723ced0d60d.js":"6a1cf2bf6c0ba38b69e3e7ba43585d511e971b7cda2a34f5d996fa0f549582ea","/app-af03c9a1f723ced0d60d.js.map":"33d7dafd355fa99bfaa8a970b57fc966157ce08a033616a12060eead80bfa701","/component---src-pages-404-js-1b6ed844aada614b3647.js":"16dde11b01cb9754850fe1ed3527fa06f16bb9e940f0b5f1db1208adbf2143e7","/component---src-pages-404-js-1b6ed844aada614b3647.js.map":"87961cb4bff7d0cb7f5475007351fddafaf7fc73ec576a59e1a33f3c9b160a91","/component---src-pages-about-js-485432dfb26e2035ecb5.js":"5ee71e79a7763620b1081e57758dfea075dae736a3a720c379d034a896bccf88","/component---src-pages-about-js-485432dfb26e2035ecb5.js.map":"d8d6626dfcd9b2996e23e5e7bae3771c302fce361e817d068d4dc55f41069444","/component---src-pages-blog-index-js-be20d9d453ad75a88455.js":"9ee6df02aa97d768f6938f55b1662a4abcf75896cddacb14f7d4ada162e8a581","/component---src-pages-blog-index-js-be20d9d453ad75a88455.js.map":"742a3e256c1f39adec73ab292f6ea2e7b42aba036171d0bb39830cb18216342c","/component---src-pages-blog-mdx-frontmatter-slug-js-content-file-path-c-users-mohammad-desktop-mamiri-263-portfolio-blog-my-first-post-index-mdx-18e19a627662c312b654.js":"a2b09752c690d609ea07da1355840025ad7c33fbbdd8d5d325de7a8116343cb7","/component---src-pages-blog-mdx-frontmatter-slug-js-content-file-path-c-users-mohammad-desktop-mamiri-263-portfolio-blog-my-first-post-index-mdx-18e19a627662c312b654.js.map":"1a767049ace55909ef63dba9730017a00e577a2824f201ea9304a5023ab72f5b","/component---src-pages-index-js-95f5d70f0a7c6da329ed.js":"b7e51c83e9412adf9072acb9f0be059077bd3ac5b1c595fabfeb9e222f0c5d80","/component---src-pages-index-js-95f5d70f0a7c6da329ed.js.map":"8e1e5a6651b172c03376f923d10932337438aaf561e5da6caf369e764b41c7b8","/framework-c1f0064dbc254107f3c4.js":"d7dcb360e3ddfceae623da43f38d3af11f270f4d8f3b63f46608335322b986d8","/framework-c1f0064dbc254107f3c4.js.LICENSE.txt":"a94bcf27eb7a4d17e4efcdf19584a502567da96a5380d08be24342c4de93dd0f","/framework-c1f0064dbc254107f3c4.js.map":"897272f07edda8c6071a51ec0a6e577e6e3213058f91167c549a5c5732013b8f","/polyfill-088d957bffedac713408.js":"bba28824676ff7c8790f0c4c4f3fd183bd6c9dca85104f9919d7551fbc962e1f","/polyfill-088d957bffedac713408.js.map":"68ef2eb4936aa1a225e182fac2cdf1d7295bc081f9bb0996a0506bc66e405662","/styles.362446f17cd63c77d992.css":"eeb0b30d879c46f975abbed445c581b5f1a45da7b988780693c71144d1da97e5","/webpack-runtime-707179063c0c0dc59c49.js":"fec890af5042805a03399e0070cae4dca28f0e9c4e8810dc4bccf6c2b7737e38","/webpack-runtime-707179063c0c0dc59c49.js.map":"e58eb3a53a32222ffd2f2108f245680d3ce8145ec6a602a65b335e75c3a7323d","/static/402ec135e08c3b799c16c08a82ae2dd8/0fe0b/christopher-ayme-ocZ-_Y7-Ptg-unsplash.webp":"8232ea9b846c6bbbe49dd28b2a610276e6d4ad9f0f328af546dd5c960610b436","/static/f7824272fbac2fda6a7bdb6f3567275f/66d80/clifford.webp":"0c9c5647a0b241b51be92b643569633c6970bd2088813864bc242c898d08e44b","/static/f7824272fbac2fda6a7bdb6f3567275f/80cfb/clifford.webp":"6a952a19be74c9f43289439b6a8f769660db628661e7c1f315149f1ada5e7ac9","/~partytown/partytown-atomics.js":"dc84d1f239df4f3c1b2ae9ee68e286fe314748815f58235cbf5d93672c4ffc00","/~partytown/partytown-media.js":"88fc2ad5f33c27d71916d36d99d1637a37ebef0bb1189dfc4813293b757d89e5","/~partytown/partytown-sw.js":"f57f563316e719ce37769898d73bac0c1d7b79dc2410a6c7b80339015378e22a","/~partytown/partytown.js":"ff20586bd3128fd5cb053ee74d7c97a67017a2ba916ea4a4993efcf332c4750f","/~partytown/debug/partytown-atomics.js":"ae1972320ea30759aca621b6f2d446030d222fb002141ebbf49fa36a66ff005f","/~partytown/debug/partytown-media.js":"ade2fd9f6a261e1e02ea7aeaf94a24142a23c06b4e8141babc9720a21fbbc363","/~partytown/debug/partytown-sandbox-sw.js":"82c83f8fee84f9997d2073b4995d06d9718612c898d3efd5baabaa306d17e1cc","/~partytown/debug/partytown-sw.js":"616121cfe46fdd7037a4a1a4f1710c68e76bdf55a9d51fa014429daf556ccfac","/~partytown/debug/partytown-ww-atomics.js":"d7a39c215b7ca82bf393e763b54fb15478eaa33e057d08749b935c60c50cfff6","/~partytown/debug/partytown-ww-sw.js":"731094d1c42275f34fe2036e3e720b707855be5c19a75e9faa44f45df2b81444","/~partytown/debug/partytown.js":"3ffd178596f5e24e7a6592b7f59e8f7ebcc8c2b6f04e15bdd3274747351c572d","/404.html":"cc8c9bd8e2e7536bf88d1a6e57d47ba4991dab997c1b61197eb6e04da9a8d2a3","/chunk-map.json":"ee79dd3e7834ef678c55bec56891d9655f4db2eeec371a84e4473a56f608bfa1","/component---src-pages-about-js-0e26734f84ce61f2f715.js":"03a54a7f412cd0a18db239e7a959d6e437b80a8de7d6db85f524407f4bc5c7b9","/component---src-pages-about-js-0e26734f84ce61f2f715.js.map":"7ac24f920e857ef98f682ff95084abf9c15e9a8d26ca5e1be6446f1ff41e1ba7","/component---src-pages-blog-index-js-82026e6ce94459a7a614.js":"3335b7eb0394d77c00ee7f6d67189e16c316c82087a165133d8161d269d8705b","/component---src-pages-blog-index-js-82026e6ce94459a7a614.js.map":"c6b1d49b59b0b1352f5527cbefff6c68f6e6006bd27577cc0116be8abff106ba","/component---src-pages-blog-mdx-frontmatter-slug-js-content-file-path-c-users-mohammad-desktop-mamiri-263-portfolio-blog-my-first-post-index-mdx-21a073c19fdf2690fbc9.js":"fb042706ad23c006807ea95203dfb1591383246709f9190611145b500577966e","/component---src-pages-index-js-d6a20f3e5f6dec4df9da.js":"ad133702a9fbb37252e5e22dfe811fee3e04de83c7b82316ab5847c93ee4740f","/component---src-pages-index-js-d6a20f3e5f6dec4df9da.js.map":"5fed9a825aa66a37dffd09179dae5bfc69df073da70cb7d7174c9059126e92b8","/component---src-pages-blog-mdx-frontmatter-slug-js-content-file-path-c-users-mohammad-desktop-mamiri-263-portfolio-blog-my-first-post-index-mdx-21a073c19fdf2690fbc9.js.map":"450c94976e1a7b3443a6304c030438aaa097d6258f3747786dc0b4a99b6a8830","/index.html":"69dad68eb4477781ca0b980edd01c8eefed659cc3d06a43edb335a72e34ce698","/styles.d524414aec9fa0c92d41.css":"9548c13eb3ae298d3dda5dd4f29b9b0020ed3cbbfcd900b396b222058266645c","/webpack-runtime-946dacf12b428bf0a31c.js":"1f795e0b06d0ace9dc7599dc2d2cbb8e21d1eeb8a67d0588bb4447b6a422da8c","/404/index.html":"29418e5d833a303b5f9e250ee9b4ede990a69b4cffa2684d9a05701fbcbf09f3","/webpack.stats.json":"b5dabc4b7a726e16ecb57f58feaebda8f983aee5a6975fc7519a1d42a181b6f9","/about/index.html":"ee73381f7a1cebdecc16fce2081b036f0b909b4a731f8074a793678556084bfe","/webpack-runtime-946dacf12b428bf0a31c.js.map":"0b7671b2eaa93095f3199006122c47e3a39f6c016983e667d9af41eeab9183b2","/blog/index.html":"244fe549e5c6b19b301998823597e5be7a2c95db4c959db4f413fc8db63826c5","/blog/my-first-post/index.html":"67a7f2e1da698f9e9ddef40703c550b8d0bab321cc5a9ea37df55ea0782e3776","/page-data/app-data.json":"d939deb0ca6237765d3a5f53b843bb4dafad855ec9e32a09c59dd7f50567d933","/page-data/404/page-data.json":"41aa99b90172dd2f5bf923de7bc3d6db21daec03e15b9439c6505f29e15d61dc","/page-data/about/page-data.json":"288dbe94addfad39fcb1d29bd55a6ba46ea3c9eab79030eb098357bef8abf796","/page-data/404.html/page-data.json":"544e141b36e4c2a4166e02ba12452f2ab24bfed068fd5f71cce0f82218960253","/page-data/blog/page-data.json":"69b75fcfbdcd6f17b1df1ac285399eebdd52d4a2f985ecb703edddb4fa1ee285","/page-data/index/page-data.json":"738422623c50f14406abb5f1ce728bfb9effc86ad99da9a289131cb33c06072c","/page-data/blog/my-first-post/page-data.json":"b4868f7558e85974a40c7ea63f33fcfa6f2ff2b3744a9d7e76fe9b3255801e94","/page-data/sq/d/3159585216.json":"718d03f7a43bb59eccbc9265c795ba4824430cd847748f7a8034b5d88f413297","/app-e94b8e3cbc1893077e4d.js":"18b3a3aa7dbc35178c72b85cc715a4984b3999924fcf10c9f3d8aeae6b7dc9be","/app-e94b8e3cbc1893077e4d.js.map":"18de1f156e790caeb7f7b5ba9383a8b7343d95f540633f2b346e24f35ee6b9c1"}}
[debug] [2022-10-28T15:31:02.599Z] <<< [apiv2][status] POST https://firebasehosting.googleapis.com/v1beta1/projects/246676208119/sites/mamiri263-portfolio-678b4/versions/994ec316fa81092b:populateFiles 200
[debug] [2022-10-28T15:31:02.599Z] <<< [apiv2][body] POST https://firebasehosting.googleapis.com/v1beta1/projects/246676208119/sites/mamiri263-portfolio-678b4/versions/994ec316fa81092b:populateFiles {"uploadRequiredHashes":["9548c13eb3ae298d3dda5dd4f29b9b0020ed3cbbfcd900b396b222058266645c","5fed9a825aa66a37dffd09179dae5bfc69df073da70cb7d7174c9059126e92b8","ee79dd3e7834ef678c55bec56891d9655f4db2eeec371a84e4473a56f608bfa1","03a54a7f412cd0a18db239e7a959d6e437b80a8de7d6db85f524407f4bc5c7b9","fb042706ad23c006807ea95203dfb1591383246709f9190611145b500577966e","0b7671b2eaa93095f3199006122c47e3a39f6c016983e667d9af41eeab9183b2","cc8c9bd8e2e7536bf88d1a6e57d47ba4991dab997c1b61197eb6e04da9a8d2a3","c6b1d49b59b0b1352f5527cbefff6c68f6e6006bd27577cc0116be8abff106ba","b5dabc4b7a726e16ecb57f58feaebda8f983aee5a6975fc7519a1d42a181b6f9","ad133702a9fbb37252e5e22dfe811fee3e04de83c7b82316ab5847c93ee4740f","29418e5d833a303b5f9e250ee9b4ede990a69b4cffa2684d9a05701fbcbf09f3","18b3a3aa7dbc35178c72b85cc715a4984b3999924fcf10c9f3d8aeae6b7dc9be","69dad68eb4477781ca0b980edd01c8eefed659cc3d06a43edb335a72e34ce698","450c94976e1a7b3443a6304c030438aaa097d6258f3747786dc0b4a99b6a8830","3335b7eb0394d77c00ee7f6d67189e16c316c82087a165133d8161d269d8705b","244fe549e5c6b19b301998823597e5be7a2c95db4c959db4f413fc8db63826c5","18de1f156e790caeb7f7b5ba9383a8b7343d95f540633f2b346e24f35ee6b9c1","ee73381f7a1cebdecc16fce2081b036f0b909b4a731f8074a793678556084bfe","67a7f2e1da698f9e9ddef40703c550b8d0bab321cc5a9ea37df55ea0782e3776","7ac24f920e857ef98f682ff95084abf9c15e9a8d26ca5e1be6446f1ff41e1ba7","1f795e0b06d0ace9dc7599dc2d2cbb8e21d1eeb8a67d0588bb4447b6a422da8c","d939deb0ca6237765d3a5f53b843bb4dafad855ec9e32a09c59dd7f50567d933"],"uploadUrl":"https://upload-firebasehosting.googleapis.com/upload/sites/mamiri263-portfolio-678b4/versions/994ec316fa81092b/files"}
[debug] [2022-10-28T15:31:02.602Z] >>> [apiv2][query] POST https://upload-firebasehosting.googleapis.com/upload/sites/mamiri263-portfolio-678b4/versions/994ec316fa81092b/files/9548c13eb3ae298d3dda5dd4f29b9b0020ed3cbbfcd900b396b222058266645c [none]
[debug] [2022-10-28T15:31:02.602Z] >>> [apiv2][body] POST https://upload-firebasehosting.googleapis.com/upload/sites/mamiri263-portfolio-678b4/versions/994ec316fa81092b/files/9548c13eb3ae298d3dda5dd4f29b9b0020ed3cbbfcd900b396b222058266645c [stream]
[debug] [2022-10-28T15:31:02.604Z] >>> [apiv2][query] POST https://upload-firebasehosting.googleapis.com/upload/sites/mamiri263-portfolio-678b4/versions/994ec316fa81092b/files/5fed9a825aa66a37dffd09179dae5bfc69df073da70cb7d7174c9059126e92b8 [none]
[debug] [2022-10-28T15:31:02.604Z] >>> [apiv2][body] POST https://upload-firebasehosting.googleapis.com/upload/sites/mamiri263-portfolio-678b4/versions/994ec316fa81092b/files/5fed9a825aa66a37dffd09179dae5bfc69df073da70cb7d7174c9059126e92b8 [stream]
[debug] [2022-10-28T15:31:02.605Z] >>> [apiv2][query] POST https://upload-firebasehosting.googleapis.com/upload/sites/mamiri263-portfolio-678b4/versions/994ec316fa81092b/files/ee79dd3e7834ef678c55bec56891d9655f4db2eeec371a84e4473a56f608bfa1 [none]
[debug] [2022-10-28T15:31:02.606Z] >>> [apiv2][body] POST https://upload-firebasehosting.googleapis.com/upload/sites/mamiri263-portfolio-678b4/versions/994ec316fa81092b/files/ee79dd3e7834ef678c55bec56891d9655f4db2eeec371a84e4473a56f608bfa1 [stream]
[debug] [2022-10-28T15:31:02.606Z] >>> [apiv2][query] POST https://upload-firebasehosting.googleapis.com/upload/sites/mamiri263-portfolio-678b4/versions/994ec316fa81092b/files/03a54a7f412cd0a18db239e7a959d6e437b80a8de7d6db85f524407f4bc5c7b9 [none]
[debug] [2022-10-28T15:31:02.606Z] >>> [apiv2][body] POST https://upload-firebasehosting.googleapis.com/upload/sites/mamiri263-portfolio-678b4/versions/994ec316fa81092b/files/03a54a7f412cd0a18db239e7a959d6e437b80a8de7d6db85f524407f4bc5c7b9 [stream]
[debug] [2022-10-28T15:31:02.608Z] >>> [apiv2][query] POST https://upload-firebasehosting.googleapis.com/upload/sites/mamiri263-portfolio-678b4/versions/994ec316fa81092b/files/fb042706ad23c006807ea95203dfb1591383246709f9190611145b500577966e [none]
[debug] [2022-10-28T15:31:02.608Z] >>> [apiv2][body] POST https://upload-firebasehosting.googleapis.com/upload/sites/mamiri263-portfolio-678b4/versions/994ec316fa81092b/files/fb042706ad23c006807ea95203dfb1591383246709f9190611145b500577966e [stream]
[debug] [2022-10-28T15:31:02.609Z] >>> [apiv2][query] POST https://upload-firebasehosting.googleapis.com/upload/sites/mamiri263-portfolio-678b4/versions/994ec316fa81092b/files/0b7671b2eaa93095f3199006122c47e3a39f6c016983e667d9af41eeab9183b2 [none]
[debug] [2022-10-28T15:31:02.609Z] >>> [apiv2][body] POST https://upload-firebasehosting.googleapis.com/upload/sites/mamiri263-portfolio-678b4/versions/994ec316fa81092b/files/0b7671b2eaa93095f3199006122c47e3a39f6c016983e667d9af41eeab9183b2 [stream]
[debug] [2022-10-28T15:31:02.611Z] >>> [apiv2][query] POST https://upload-firebasehosting.googleapis.com/upload/sites/mamiri263-portfolio-678b4/versions/994ec316fa81092b/files/cc8c9bd8e2e7536bf88d1a6e57d47ba4991dab997c1b61197eb6e04da9a8d2a3 [none]
[debug] [2022-10-28T15:31:02.611Z] >>> [apiv2][body] POST https://upload-firebasehosting.googleapis.com/upload/sites/mamiri263-portfolio-678b4/versions/994ec316fa81092b/files/cc8c9bd8e2e7536bf88d1a6e57d47ba4991dab997c1b61197eb6e04da9a8d2a3 [stream]
[debug] [2022-10-28T15:31:02.612Z] >>> [apiv2][query] POST https://upload-firebasehosting.googleapis.com/upload/sites/mamiri263-portfolio-678b4/versions/994ec316fa81092b/files/c6b1d49b59b0b1352f5527cbefff6c68f6e6006bd27577cc0116be8abff106ba [none]
[debug] [2022-10-28T15:31:02.612Z] >>> [apiv2][body] POST https://upload-firebasehosting.googleapis.com/upload/sites/mamiri263-portfolio-678b4/versions/994ec316fa81092b/files/c6b1d49b59b0b1352f5527cbefff6c68f6e6006bd27577cc0116be8abff106ba [stream]
[debug] [2022-10-28T15:31:02.613Z] >>> [apiv2][query] POST https://upload-firebasehosting.googleapis.com/upload/sites/mamiri263-portfolio-678b4/versions/994ec316fa81092b/files/b5dabc4b7a726e16ecb57f58feaebda8f983aee5a6975fc7519a1d42a181b6f9 [none]
[debug] [2022-10-28T15:31:02.613Z] >>> [apiv2][body] POST https://upload-firebasehosting.googleapis.com/upload/sites/mamiri263-portfolio-678b4/versions/994ec316fa81092b/files/b5dabc4b7a726e16ecb57f58feaebda8f983aee5a6975fc7519a1d42a181b6f9 [stream]
[debug] [2022-10-28T15:31:02.617Z] >>> [apiv2][query] POST https://upload-firebasehosting.googleapis.com/upload/sites/mamiri263-portfolio-678b4/versions/994ec316fa81092b/files/ad133702a9fbb37252e5e22dfe811fee3e04de83c7b82316ab5847c93ee4740f [none]
[debug] [2022-10-28T15:31:02.617Z] >>> [apiv2][body] POST https://upload-firebasehosting.googleapis.com/upload/sites/mamiri263-portfolio-678b4/versions/994ec316fa81092b/files/ad133702a9fbb37252e5e22dfe811fee3e04de83c7b82316ab5847c93ee4740f [stream]
[debug] [2022-10-28T15:31:02.619Z] >>> [apiv2][query] POST https://upload-firebasehosting.googleapis.com/upload/sites/mamiri263-portfolio-678b4/versions/994ec316fa81092b/files/29418e5d833a303b5f9e250ee9b4ede990a69b4cffa2684d9a05701fbcbf09f3 [none]
[debug] [2022-10-28T15:31:02.619Z] >>> [apiv2][body] POST https://upload-firebasehosting.googleapis.com/upload/sites/mamiri263-portfolio-678b4/versions/994ec316fa81092b/files/29418e5d833a303b5f9e250ee9b4ede990a69b4cffa2684d9a05701fbcbf09f3 [stream]
[debug] [2022-10-28T15:31:02.621Z] >>> [apiv2][query] POST https://upload-firebasehosting.googleapis.com/upload/sites/mamiri263-portfolio-678b4/versions/994ec316fa81092b/files/18b3a3aa7dbc35178c72b85cc715a4984b3999924fcf10c9f3d8aeae6b7dc9be [none]
[debug] [2022-10-28T15:31:02.621Z] >>> [apiv2][body] POST https://upload-firebasehosting.googleapis.com/upload/sites/mamiri263-portfolio-678b4/versions/994ec316fa81092b/files/18b3a3aa7dbc35178c72b85cc715a4984b3999924fcf10c9f3d8aeae6b7dc9be [stream]
[debug] [2022-10-28T15:31:02.623Z] >>> [apiv2][query] POST https://upload-firebasehosting.googleapis.com/upload/sites/mamiri263-portfolio-678b4/versions/994ec316fa81092b/files/69dad68eb4477781ca0b980edd01c8eefed659cc3d06a43edb335a72e34ce698 [none]
[debug] [2022-10-28T15:31:02.623Z] >>> [apiv2][body] POST https://upload-firebasehosting.googleapis.com/upload/sites/mamiri263-portfolio-678b4/versions/994ec316fa81092b/files/69dad68eb4477781ca0b980edd01c8eefed659cc3d06a43edb335a72e34ce698 [stream]
[debug] [2022-10-28T15:31:02.624Z] >>> [apiv2][query] POST https://upload-firebasehosting.googleapis.com/upload/sites/mamiri263-portfolio-678b4/versions/994ec316fa81092b/files/450c94976e1a7b3443a6304c030438aaa097d6258f3747786dc0b4a99b6a8830 [none]
[debug] [2022-10-28T15:31:02.625Z] >>> [apiv2][body] POST https://upload-firebasehosting.googleapis.com/upload/sites/mamiri263-portfolio-678b4/versions/994ec316fa81092b/files/450c94976e1a7b3443a6304c030438aaa097d6258f3747786dc0b4a99b6a8830 [stream]
[debug] [2022-10-28T15:31:02.631Z] >>> [apiv2][query] POST https://upload-firebasehosting.googleapis.com/upload/sites/mamiri263-portfolio-678b4/versions/994ec316fa81092b/files/3335b7eb0394d77c00ee7f6d67189e16c316c82087a165133d8161d269d8705b [none]
[debug] [2022-10-28T15:31:02.631Z] >>> [apiv2][body] POST https://upload-firebasehosting.googleapis.com/upload/sites/mamiri263-portfolio-678b4/versions/994ec316fa81092b/files/3335b7eb0394d77c00ee7f6d67189e16c316c82087a165133d8161d269d8705b [stream]
[debug] [2022-10-28T15:31:02.633Z] >>> [apiv2][query] POST https://upload-firebasehosting.googleapis.com/upload/sites/mamiri263-portfolio-678b4/versions/994ec316fa81092b/files/244fe549e5c6b19b301998823597e5be7a2c95db4c959db4f413fc8db63826c5 [none]
[debug] [2022-10-28T15:31:02.633Z] >>> [apiv2][body] POST https://upload-firebasehosting.googleapis.com/upload/sites/mamiri263-portfolio-678b4/versions/994ec316fa81092b/files/244fe549e5c6b19b301998823597e5be7a2c95db4c959db4f413fc8db63826c5 [stream]
[debug] [2022-10-28T15:31:02.635Z] >>> [apiv2][query] POST https://upload-firebasehosting.googleapis.com/upload/sites/mamiri263-portfolio-678b4/versions/994ec316fa81092b/files/18de1f156e790caeb7f7b5ba9383a8b7343d95f540633f2b346e24f35ee6b9c1 [none]
[debug] [2022-10-28T15:31:02.635Z] >>> [apiv2][body] POST https://upload-firebasehosting.googleapis.com/upload/sites/mamiri263-portfolio-678b4/versions/994ec316fa81092b/files/18de1f156e790caeb7f7b5ba9383a8b7343d95f540633f2b346e24f35ee6b9c1 [stream]
[debug] [2022-10-28T15:31:02.636Z] >>> [apiv2][query] POST https://upload-firebasehosting.googleapis.com/upload/sites/mamiri263-portfolio-678b4/versions/994ec316fa81092b/files/ee73381f7a1cebdecc16fce2081b036f0b909b4a731f8074a793678556084bfe [none]
[debug] [2022-10-28T15:31:02.636Z] >>> [apiv2][body] POST https://upload-firebasehosting.googleapis.com/upload/sites/mamiri263-portfolio-678b4/versions/994ec316fa81092b/files/ee73381f7a1cebdecc16fce2081b036f0b909b4a731f8074a793678556084bfe [stream]
[debug] [2022-10-28T15:31:02.638Z] >>> [apiv2][query] POST https://upload-firebasehosting.googleapis.com/upload/sites/mamiri263-portfolio-678b4/versions/994ec316fa81092b/files/67a7f2e1da698f9e9ddef40703c550b8d0bab321cc5a9ea37df55ea0782e3776 [none]
[debug] [2022-10-28T15:31:02.638Z] >>> [apiv2][body] POST https://upload-firebasehosting.googleapis.com/upload/sites/mamiri263-portfolio-678b4/versions/994ec316fa81092b/files/67a7f2e1da698f9e9ddef40703c550b8d0bab321cc5a9ea37df55ea0782e3776 [stream]
[debug] [2022-10-28T15:31:02.640Z] >>> [apiv2][query] POST https://upload-firebasehosting.googleapis.com/upload/sites/mamiri263-portfolio-678b4/versions/994ec316fa81092b/files/7ac24f920e857ef98f682ff95084abf9c15e9a8d26ca5e1be6446f1ff41e1ba7 [none]
[debug] [2022-10-28T15:31:02.640Z] >>> [apiv2][body] POST https://upload-firebasehosting.googleapis.com/upload/sites/mamiri263-portfolio-678b4/versions/994ec316fa81092b/files/7ac24f920e857ef98f682ff95084abf9c15e9a8d26ca5e1be6446f1ff41e1ba7 [stream]
[debug] [2022-10-28T15:31:02.641Z] >>> [apiv2][query] POST https://upload-firebasehosting.googleapis.com/upload/sites/mamiri263-portfolio-678b4/versions/994ec316fa81092b/files/1f795e0b06d0ace9dc7599dc2d2cbb8e21d1eeb8a67d0588bb4447b6a422da8c [none]
[debug] [2022-10-28T15:31:02.641Z] >>> [apiv2][body] POST https://upload-firebasehosting.googleapis.com/upload/sites/mamiri263-portfolio-678b4/versions/994ec316fa81092b/files/1f795e0b06d0ace9dc7599dc2d2cbb8e21d1eeb8a67d0588bb4447b6a422da8c [stream]
[debug] [2022-10-28T15:31:02.642Z] >>> [apiv2][query] POST https://upload-firebasehosting.googleapis.com/upload/sites/mamiri263-portfolio-678b4/versions/994ec316fa81092b/files/d939deb0ca6237765d3a5f53b843bb4dafad855ec9e32a09c59dd7f50567d933 [none]
[debug] [2022-10-28T15:31:02.642Z] >>> [apiv2][body] POST https://upload-firebasehosting.googleapis.com/upload/sites/mamiri263-portfolio-678b4/versions/994ec316fa81092b/files/d939deb0ca6237765d3a5f53b843bb4dafad855ec9e32a09c59dd7f50567d933 [stream]
[debug] [2022-10-28T15:31:02.643Z] [hosting][populate queue][FINAL] {"max":1498,"min":1498,"avg":1498,"active":0,"complete":1,"success":1,"errored":0,"retried":0,"total":1,"elapsed":1539}
[debug] [2022-10-28T15:31:02.643Z] [hosting] uploads queued: 22
[debug] [2022-10-28T15:31:31.390Z] [uploadQueue] Retrying task 450c94976e1a7b3443a6304c030438aaa097d6258f3747786dc0b4a99b6a8830
[debug] [2022-10-28T15:31:31.391Z] >>> [apiv2][query] POST https://upload-firebasehosting.googleapis.com/upload/sites/mamiri263-portfolio-678b4/versions/994ec316fa81092b/files/450c94976e1a7b3443a6304c030438aaa097d6258f3747786dc0b4a99b6a8830 [none]
[debug] [2022-10-28T15:31:31.392Z] >>> [apiv2][body] POST https://upload-firebasehosting.googleapis.com/upload/sites/mamiri263-portfolio-678b4/versions/994ec316fa81092b/files/450c94976e1a7b3443a6304c030438aaa097d6258f3747786dc0b4a99b6a8830 [stream]
[debug] [2022-10-28T15:31:33.013Z] [uploadQueue] Retrying task 9548c13eb3ae298d3dda5dd4f29b9b0020ed3cbbfcd900b396b222058266645c
[debug] [2022-10-28T15:31:33.014Z] >>> [apiv2][query] POST https://upload-firebasehosting.googleapis.com/upload/sites/mamiri263-portfolio-678b4/versions/994ec316fa81092b/files/9548c13eb3ae298d3dda5dd4f29b9b0020ed3cbbfcd900b396b222058266645c [none]
[debug] [2022-10-28T15:31:33.014Z] >>> [apiv2][body] POST https://upload-firebasehosting.googleapis.com/upload/sites/mamiri263-portfolio-678b4/versions/994ec316fa81092b/files/9548c13eb3ae298d3dda5dd4f29b9b0020ed3cbbfcd900b396b222058266645c [stream]
[debug] [2022-10-28T15:31:33.015Z] [uploadQueue] Retrying task 5fed9a825aa66a37dffd09179dae5bfc69df073da70cb7d7174c9059126e92b8
[debug] [2022-10-28T15:31:33.016Z] >>> [apiv2][query] POST https://upload-firebasehosting.googleapis.com/upload/sites/mamiri263-portfolio-678b4/versions/994ec316fa81092b/files/5fed9a825aa66a37dffd09179dae5bfc69df073da70cb7d7174c9059126e92b8 [none]
[debug] [2022-10-28T15:31:33.016Z] >>> [apiv2][body] POST https://upload-firebasehosting.googleapis.com/upload/sites/mamiri263-portfolio-678b4/versions/994ec316fa81092b/files/5fed9a825aa66a37dffd09179dae5bfc69df073da70cb7d7174c9059126e92b8 [stream]
[debug] [2022-10-28T15:31:33.016Z] [uploadQueue] Retrying task ee79dd3e7834ef678c55bec56891d9655f4db2eeec371a84e4473a56f608bfa1
[debug] [2022-10-28T15:31:33.017Z] >>> [apiv2][query] POST https://upload-firebasehosting.googleapis.com/upload/sites/mamiri263-portfolio-678b4/versions/994ec316fa81092b/files/ee79dd3e7834ef678c55bec56891d9655f4db2eeec371a84e4473a56f608bfa1 [none]
[debug] [2022-10-28T15:31:33.017Z] >>> [apiv2][body] POST https://upload-firebasehosting.googleapis.com/upload/sites/mamiri263-portfolio-678b4/versions/994ec316fa81092b/files/ee79dd3e7834ef678c55bec56891d9655f4db2eeec371a84e4473a56f608bfa1 [stream]
[debug] [2022-10-28T15:31:33.018Z] [uploadQueue] Retrying task 03a54a7f412cd0a18db239e7a959d6e437b80a8de7d6db85f524407f4bc5c7b9
[debug] [2022-10-28T15:31:33.018Z] >>> [apiv2][query] POST https://upload-firebasehosting.googleapis.com/upload/sites/mamiri263-portfolio-678b4/versions/994ec316fa81092b/files/03a54a7f412cd0a18db239e7a959d6e437b80a8de7d6db85f524407f4bc5c7b9 [none]
[debug] [2022-10-28T15:31:33.018Z] >>> [apiv2][body] POST https://upload-firebasehosting.googleapis.com/upload/sites/mamiri263-portfolio-678b4/versions/994ec316fa81092b/files/03a54a7f412cd0a18db239e7a959d6e437b80a8de7d6db85f524407f4bc5c7b9 [stream]
[debug] [2022-10-28T15:31:33.019Z] [uploadQueue] Retrying task fb042706ad23c006807ea95203dfb1591383246709f9190611145b500577966e
[debug] [2022-10-28T15:31:33.019Z] >>> [apiv2][query] POST https://upload-firebasehosting.googleapis.com/upload/sites/mamiri263-portfolio-678b4/versions/994ec316fa81092b/files/fb042706ad23c006807ea95203dfb1591383246709f9190611145b500577966e [none]
[debug] [2022-10-28T15:31:33.020Z] >>> [apiv2][body] POST https://upload-firebasehosting.googleapis.com/upload/sites/mamiri263-portfolio-678b4/versions/994ec316fa81092b/files/fb042706ad23c006807ea95203dfb1591383246709f9190611145b500577966e [stream]
[debug] [2022-10-28T15:31:33.020Z] [uploadQueue] Retrying task 0b7671b2eaa93095f3199006122c47e3a39f6c016983e667d9af41eeab9183b2
[debug] [2022-10-28T15:31:33.020Z] >>> [apiv2][query] POST https://upload-firebasehosting.googleapis.com/upload/sites/mamiri263-portfolio-678b4/versions/994ec316fa81092b/files/0b7671b2eaa93095f3199006122c47e3a39f6c016983e667d9af41eeab9183b2 [none]
[debug] [2022-10-28T15:31:33.020Z] >>> [apiv2][body] POST https://upload-firebasehosting.googleapis.com/upload/sites/mamiri263-portfolio-678b4/versions/994ec316fa81092b/files/0b7671b2eaa93095f3199006122c47e3a39f6c016983e667d9af41eeab9183b2 [stream]
[debug] [2022-10-28T15:31:33.021Z] [uploadQueue] Retrying task cc8c9bd8e2e7536bf88d1a6e57d47ba4991dab997c1b61197eb6e04da9a8d2a3
[debug] [2022-10-28T15:31:33.021Z] >>> [apiv2][query] POST https://upload-firebasehosting.googleapis.com/upload/sites/mamiri263-portfolio-678b4/versions/994ec316fa81092b/files/cc8c9bd8e2e7536bf88d1a6e57d47ba4991dab997c1b61197eb6e04da9a8d2a3 [none]
[debug] [2022-10-28T15:31:33.022Z] >>> [apiv2][body] POST https://upload-firebasehosting.googleapis.com/upload/sites/mamiri263-portfolio-678b4/versions/994ec316fa81092b/files/cc8c9bd8e2e7536bf88d1a6e57d47ba4991dab997c1b61197eb6e04da9a8d2a3 [stream]
[debug] [2022-10-28T15:31:33.022Z] [uploadQueue] Retrying task c6b1d49b59b0b1352f5527cbefff6c68f6e6006bd27577cc0116be8abff106ba
[debug] [2022-10-28T15:31:33.022Z] >>> [apiv2][query] POST https://upload-firebasehosting.googleapis.com/upload/sites/mamiri263-portfolio-678b4/versions/994ec316fa81092b/files/c6b1d49b59b0b1352f5527cbefff6c68f6e6006bd27577cc0116be8abff106ba [none]
[debug] [2022-10-28T15:31:33.022Z] >>> [apiv2][body] POST https://upload-firebasehosting.googleapis.com/upload/sites/mamiri263-portfolio-678b4/versions/994ec316fa81092b/files/c6b1d49b59b0b1352f5527cbefff6c68f6e6006bd27577cc0116be8abff106ba [stream]
[debug] [2022-10-28T15:31:33.023Z] [uploadQueue] Retrying task b5dabc4b7a726e16ecb57f58feaebda8f983aee5a6975fc7519a1d42a181b6f9
[debug] [2022-10-28T15:31:33.023Z] >>> [apiv2][query] POST https://upload-firebasehosting.googleapis.com/upload/sites/mamiri263-portfolio-678b4/versions/994ec316fa81092b/files/b5dabc4b7a726e16ecb57f58feaebda8f983aee5a6975fc7519a1d42a181b6f9 [none]
[debug] [2022-10-28T15:31:33.023Z] >>> [apiv2][body] POST https://upload-firebasehosting.googleapis.com/upload/sites/mamiri263-portfolio-678b4/versions/994ec316fa81092b/files/b5dabc4b7a726e16ecb57f58feaebda8f983aee5a6975fc7519a1d42a181b6f9 [stream]
[debug] [2022-10-28T15:31:33.024Z] [uploadQueue] Retrying task ad133702a9fbb37252e5e22dfe811fee3e04de83c7b82316ab5847c93ee4740f
[debug] [2022-10-28T15:31:33.024Z] >>> [apiv2][query] POST https://upload-firebasehosting.googleapis.com/upload/sites/mamiri263-portfolio-678b4/versions/994ec316fa81092b/files/ad133702a9fbb37252e5e22dfe811fee3e04de83c7b82316ab5847c93ee4740f [none]
[debug] [2022-10-28T15:31:33.024Z] >>> [apiv2][body] POST https://upload-firebasehosting.googleapis.com/upload/sites/mamiri263-portfolio-678b4/versions/994ec316fa81092b/files/ad133702a9fbb37252e5e22dfe811fee3e04de83c7b82316ab5847c93ee4740f [stream]
[debug] [2022-10-28T15:31:33.025Z] [uploadQueue] Retrying task 29418e5d833a303b5f9e250ee9b4ede990a69b4cffa2684d9a05701fbcbf09f3
[debug] [2022-10-28T15:31:33.025Z] >>> [apiv2][query] POST https://upload-firebasehosting.googleapis.com/upload/sites/mamiri263-portfolio-678b4/versions/994ec316fa81092b/files/29418e5d833a303b5f9e250ee9b4ede990a69b4cffa2684d9a05701fbcbf09f3 [none]
[debug] [2022-10-28T15:31:33.025Z] >>> [apiv2][body] POST https://upload-firebasehosting.googleapis.com/upload/sites/mamiri263-portfolio-678b4/versions/994ec316fa81092b/files/29418e5d833a303b5f9e250ee9b4ede990a69b4cffa2684d9a05701fbcbf09f3 [stream]
[debug] [2022-10-28T15:31:33.026Z] [uploadQueue] Retrying task 18b3a3aa7dbc35178c72b85cc715a4984b3999924fcf10c9f3d8aeae6b7dc9be
[debug] [2022-10-28T15:31:33.027Z] >>> [apiv2][query] POST https://upload-firebasehosting.googleapis.com/upload/sites/mamiri263-portfolio-678b4/versions/994ec316fa81092b/files/18b3a3aa7dbc35178c72b85cc715a4984b3999924fcf10c9f3d8aeae6b7dc9be [none]
[debug] [2022-10-28T15:31:33.027Z] >>> [apiv2][body] POST https://upload-firebasehosting.googleapis.com/upload/sites/mamiri263-portfolio-678b4/versions/994ec316fa81092b/files/18b3a3aa7dbc35178c72b85cc715a4984b3999924fcf10c9f3d8aeae6b7dc9be [stream]
[debug] [2022-10-28T15:31:33.028Z] [uploadQueue] Retrying task 69dad68eb4477781ca0b980edd01c8eefed659cc3d06a43edb335a72e34ce698
[debug] [2022-10-28T15:31:33.029Z] >>> [apiv2][query] POST https://upload-firebasehosting.googleapis.com/upload/sites/mamiri263-portfolio-678b4/versions/994ec316fa81092b/files/69dad68eb4477781ca0b980edd01c8eefed659cc3d06a43edb335a72e34ce698 [none]
[debug] [2022-10-28T15:31:33.029Z] >>> [apiv2][body] POST https://upload-firebasehosting.googleapis.com/upload/sites/mamiri263-portfolio-678b4/versions/994ec316fa81092b/files/69dad68eb4477781ca0b980edd01c8eefed659cc3d06a43edb335a72e34ce698 [stream]
[debug] [2022-10-28T15:31:33.031Z] [uploadQueue] Retrying task 3335b7eb0394d77c00ee7f6d67189e16c316c82087a165133d8161d269d8705b
[debug] [2022-10-28T15:31:33.031Z] >>> [apiv2][query] POST https://upload-firebasehosting.googleapis.com/upload/sites/mamiri263-portfolio-678b4/versions/994ec316fa81092b/files/3335b7eb0394d77c00ee7f6d67189e16c316c82087a165133d8161d269d8705b [none]
[debug] [2022-10-28T15:31:33.031Z] >>> [apiv2][body] POST https://upload-firebasehosting.googleapis.com/upload/sites/mamiri263-portfolio-678b4/versions/994ec316fa81092b/files/3335b7eb0394d77c00ee7f6d67189e16c316c82087a165133d8161d269d8705b [stream]
[debug] [2022-10-28T15:31:33.032Z] [uploadQueue] Retrying task 244fe549e5c6b19b301998823597e5be7a2c95db4c959db4f413fc8db63826c5
[debug] [2022-10-28T15:31:33.032Z] >>> [apiv2][query] POST https://upload-firebasehosting.googleapis.com/upload/sites/mamiri263-portfolio-678b4/versions/994ec316fa81092b/files/244fe549e5c6b19b301998823597e5be7a2c95db4c959db4f413fc8db63826c5 [none]
[debug] [2022-10-28T15:31:33.033Z] >>> [apiv2][body] POST https://upload-firebasehosting.googleapis.com/upload/sites/mamiri263-portfolio-678b4/versions/994ec316fa81092b/files/244fe549e5c6b19b301998823597e5be7a2c95db4c959db4f413fc8db63826c5 [stream]
[debug] [2022-10-28T15:31:33.034Z] [uploadQueue] Retrying task 18de1f156e790caeb7f7b5ba9383a8b7343d95f540633f2b346e24f35ee6b9c1
[debug] [2022-10-28T15:31:33.034Z] >>> [apiv2][query] POST https://upload-firebasehosting.googleapis.com/upload/sites/mamiri263-portfolio-678b4/versions/994ec316fa81092b/files/18de1f156e790caeb7f7b5ba9383a8b7343d95f540633f2b346e24f35ee6b9c1 [none]
[debug] [2022-10-28T15:31:33.034Z] >>> [apiv2][body] POST https://upload-firebasehosting.googleapis.com/upload/sites/mamiri263-portfolio-678b4/versions/994ec316fa81092b/files/18de1f156e790caeb7f7b5ba9383a8b7343d95f540633f2b346e24f35ee6b9c1 [stream]
[debug] [2022-10-28T15:31:33.035Z] [uploadQueue] Retrying task ee73381f7a1cebdecc16fce2081b036f0b909b4a731f8074a793678556084bfe
[debug] [2022-10-28T15:31:33.036Z] >>> [apiv2][query] POST https://upload-firebasehosting.googleapis.com/upload/sites/mamiri263-portfolio-678b4/versions/994ec316fa81092b/files/ee73381f7a1cebdecc16fce2081b036f0b909b4a731f8074a793678556084bfe [none]
[debug] [2022-10-28T15:31:33.036Z] >>> [apiv2][body] POST https://upload-firebasehosting.googleapis.com/upload/sites/mamiri263-portfolio-678b4/versions/994ec316fa81092b/files/ee73381f7a1cebdecc16fce2081b036f0b909b4a731f8074a793678556084bfe [stream]
[debug] [2022-10-28T15:31:33.037Z] [uploadQueue] Retrying task 67a7f2e1da698f9e9ddef40703c550b8d0bab321cc5a9ea37df55ea0782e3776
[debug] [2022-10-28T15:31:33.037Z] >>> [apiv2][query] POST https://upload-firebasehosting.googleapis.com/upload/sites/mamiri263-portfolio-678b4/versions/994ec316fa81092b/files/67a7f2e1da698f9e9ddef40703c550b8d0bab321cc5a9ea37df55ea0782e3776 [none]
[debug] [2022-10-28T15:31:33.037Z] >>> [apiv2][body] POST https://upload-firebasehosting.googleapis.com/upload/sites/mamiri263-portfolio-678b4/versions/994ec316fa81092b/files/67a7f2e1da698f9e9ddef40703c550b8d0bab321cc5a9ea37df55ea0782e3776 [stream]
[debug] [2022-10-28T15:31:33.038Z] [uploadQueue] Retrying task 7ac24f920e857ef98f682ff95084abf9c15e9a8d26ca5e1be6446f1ff41e1ba7
[debug] [2022-10-28T15:31:33.038Z] >>> [apiv2][query] POST https://upload-firebasehosting.googleapis.com/upload/sites/mamiri263-portfolio-678b4/versions/994ec316fa81092b/files/7ac24f920e857ef98f682ff95084abf9c15e9a8d26ca5e1be6446f1ff41e1ba7 [none]
[debug] [2022-10-28T15:31:33.038Z] >>> [apiv2][body] POST https://upload-firebasehosting.googleapis.com/upload/sites/mamiri263-portfolio-678b4/versions/994ec316fa81092b/files/7ac24f920e857ef98f682ff95084abf9c15e9a8d26ca5e1be6446f1ff41e1ba7 [stream]
[debug] [2022-10-28T15:31:33.039Z] [uploadQueue] Retrying task 1f795e0b06d0ace9dc7599dc2d2cbb8e21d1eeb8a67d0588bb4447b6a422da8c
[debug] [2022-10-28T15:31:33.039Z] >>> [apiv2][query] POST https://upload-firebasehosting.googleapis.com/upload/sites/mamiri263-portfolio-678b4/versions/994ec316fa81092b/files/1f795e0b06d0ace9dc7599dc2d2cbb8e21d1eeb8a67d0588bb4447b6a422da8c [none]
[debug] [2022-10-28T15:31:33.039Z] >>> [apiv2][body] POST https://upload-firebasehosting.googleapis.com/upload/sites/mamiri263-portfolio-678b4/versions/994ec316fa81092b/files/1f795e0b06d0ace9dc7599dc2d2cbb8e21d1eeb8a67d0588bb4447b6a422da8c [stream]
[debug] [2022-10-28T15:31:33.040Z] [uploadQueue] Retrying task d939deb0ca6237765d3a5f53b843bb4dafad855ec9e32a09c59dd7f50567d933
[debug] [2022-10-28T15:31:33.040Z] >>> [apiv2][query] POST https://upload-firebasehosting.googleapis.com/upload/sites/mamiri263-portfolio-678b4/versions/994ec316fa81092b/files/d939deb0ca6237765d3a5f53b843bb4dafad855ec9e32a09c59dd7f50567d933 [none]
[debug] [2022-10-28T15:31:33.040Z] >>> [apiv2][body] POST https://upload-firebasehosting.googleapis.com/upload/sites/mamiri263-portfolio-678b4/versions/994ec316fa81092b/files/d939deb0ca6237765d3a5f53b843bb4dafad855ec9e32a09c59dd7f50567d933 [stream]
[debug] [2022-10-28T15:31:58.821Z] [uploadQueue] Retrying task 18de1f156e790caeb7f7b5ba9383a8b7343d95f540633f2b346e24f35ee6b9c1
[debug] [2022-10-28T15:31:58.822Z] >>> [apiv2][query] POST https://upload-firebasehosting.googleapis.com/upload/sites/mamiri263-portfolio-678b4/versions/994ec316fa81092b/files/18de1f156e790caeb7f7b5ba9383a8b7343d95f540633f2b346e24f35ee6b9c1 [none]
[debug] [2022-10-28T15:31:58.822Z] >>> [apiv2][body] POST https://upload-firebasehosting.googleapis.com/upload/sites/mamiri263-portfolio-678b4/versions/994ec316fa81092b/files/18de1f156e790caeb7f7b5ba9383a8b7343d95f540633f2b346e24f35ee6b9c1 [stream]
[debug] [2022-10-28T15:32:02.214Z] [uploadQueue] Retrying task 450c94976e1a7b3443a6304c030438aaa097d6258f3747786dc0b4a99b6a8830
[debug] [2022-10-28T15:32:02.217Z] >>> [apiv2][query] POST https://upload-firebasehosting.googleapis.com/upload/sites/mamiri263-portfolio-678b4/versions/994ec316fa81092b/files/450c94976e1a7b3443a6304c030438aaa097d6258f3747786dc0b4a99b6a8830 [none]
[debug] [2022-10-28T15:32:02.217Z] >>> [apiv2][body] POST https://upload-firebasehosting.googleapis.com/upload/sites/mamiri263-portfolio-678b4/versions/994ec316fa81092b/files/450c94976e1a7b3443a6304c030438aaa097d6258f3747786dc0b4a99b6a8830 [stream]
[debug] [2022-10-28T15:32:03.819Z] [uploadQueue] Retrying task 9548c13eb3ae298d3dda5dd4f29b9b0020ed3cbbfcd900b396b222058266645c
[debug] [2022-10-28T15:32:03.821Z] >>> [apiv2][query] POST https://upload-firebasehosting.googleapis.com/upload/sites/mamiri263-portfolio-678b4/versions/994ec316fa81092b/files/9548c13eb3ae298d3dda5dd4f29b9b0020ed3cbbfcd900b396b222058266645c [none]
[debug] [2022-10-28T15:32:03.822Z] >>> [apiv2][body] POST https://upload-firebasehosting.googleapis.com/upload/sites/mamiri263-portfolio-678b4/versions/994ec316fa81092b/files/9548c13eb3ae298d3dda5dd4f29b9b0020ed3cbbfcd900b396b222058266645c [stream]
[debug] [2022-10-28T15:32:03.823Z] [uploadQueue] Retrying task 5fed9a825aa66a37dffd09179dae5bfc69df073da70cb7d7174c9059126e92b8
[debug] [2022-10-28T15:32:03.823Z] >>> [apiv2][query] POST https://upload-firebasehosting.googleapis.com/upload/sites/mamiri263-portfolio-678b4/versions/994ec316fa81092b/files/5fed9a825aa66a37dffd09179dae5bfc69df073da70cb7d7174c9059126e92b8 [none]
[debug] [2022-10-28T15:32:03.823Z] >>> [apiv2][body] POST https://upload-firebasehosting.googleapis.com/upload/sites/mamiri263-portfolio-678b4/versions/994ec316fa81092b/files/5fed9a825aa66a37dffd09179dae5bfc69df073da70cb7d7174c9059126e92b8 [stream]
[debug] [2022-10-28T15:32:03.824Z] [uploadQueue] Retrying task ee79dd3e7834ef678c55bec56891d9655f4db2eeec371a84e4473a56f608bfa1
[debug] [2022-10-28T15:32:03.824Z] >>> [apiv2][query] POST https://upload-firebasehosting.googleapis.com/upload/sites/mamiri263-portfolio-678b4/versions/994ec316fa81092b/files/ee79dd3e7834ef678c55bec56891d9655f4db2eeec371a84e4473a56f608bfa1 [none]
[debug] [2022-10-28T15:32:03.824Z] >>> [apiv2][body] POST https://upload-firebasehosting.googleapis.com/upload/sites/mamiri263-portfolio-678b4/versions/994ec316fa81092b/files/ee79dd3e7834ef678c55bec56891d9655f4db2eeec371a84e4473a56f608bfa1 [stream]
[debug] [2022-10-28T15:32:03.825Z] [uploadQueue] Retrying task 03a54a7f412cd0a18db239e7a959d6e437b80a8de7d6db85f524407f4bc5c7b9
[debug] [2022-10-28T15:32:03.826Z] >>> [apiv2][query] POST https://upload-firebasehosting.googleapis.com/upload/sites/mamiri263-portfolio-678b4/versions/994ec316fa81092b/files/03a54a7f412cd0a18db239e7a959d6e437b80a8de7d6db85f524407f4bc5c7b9 [none]
[debug] [2022-10-28T15:32:03.826Z] >>> [apiv2][body] POST https://upload-firebasehosting.googleapis.com/upload/sites/mamiri263-portfolio-678b4/versions/994ec316fa81092b/files/03a54a7f412cd0a18db239e7a959d6e437b80a8de7d6db85f524407f4bc5c7b9 [stream]
[debug] [2022-10-28T15:32:03.826Z] [uploadQueue] Retrying task fb042706ad23c006807ea95203dfb1591383246709f9190611145b500577966e
[debug] [2022-10-28T15:32:03.827Z] >>> [apiv2][query] POST https://upload-firebasehosting.googleapis.com/upload/sites/mamiri263-portfolio-678b4/versions/994ec316fa81092b/files/fb042706ad23c006807ea95203dfb1591383246709f9190611145b500577966e [none]
[debug] [2022-10-28T15:32:03.827Z] >>> [apiv2][body] POST https://upload-firebasehosting.googleapis.com/upload/sites/mamiri263-portfolio-678b4/versions/994ec316fa81092b/files/fb042706ad23c006807ea95203dfb1591383246709f9190611145b500577966e [stream]
[debug] [2022-10-28T15:32:03.827Z] [uploadQueue] Retrying task 0b7671b2eaa93095f3199006122c47e3a39f6c016983e667d9af41eeab9183b2
[debug] [2022-10-28T15:32:03.828Z] >>> [apiv2][query] POST https://upload-firebasehosting.googleapis.com/upload/sites/mamiri263-portfolio-678b4/versions/994ec316fa81092b/files/0b7671b2eaa93095f3199006122c47e3a39f6c016983e667d9af41eeab9183b2 [none]
[debug] [2022-10-28T15:32:03.828Z] >>> [apiv2][body] POST https://upload-firebasehosting.googleapis.com/upload/sites/mamiri263-portfolio-678b4/versions/994ec316fa81092b/files/0b7671b2eaa93095f3199006122c47e3a39f6c016983e667d9af41eeab9183b2 [stream]
[debug] [2022-10-28T15:32:03.830Z] [uploadQueue] Retrying task cc8c9bd8e2e7536bf88d1a6e57d47ba4991dab997c1b61197eb6e04da9a8d2a3
[debug] [2022-10-28T15:32:03.830Z] >>> [apiv2][query] POST https://upload-firebasehosting.googleapis.com/upload/sites/mamiri263-portfolio-678b4/versions/994ec316fa81092b/files/cc8c9bd8e2e7536bf88d1a6e57d47ba4991dab997c1b61197eb6e04da9a8d2a3 [none]
[debug] [2022-10-28T15:32:03.830Z] >>> [apiv2][body] POST https://upload-firebasehosting.googleapis.com/upload/sites/mamiri263-portfolio-678b4/versions/994ec316fa81092b/files/cc8c9bd8e2e7536bf88d1a6e57d47ba4991dab997c1b61197eb6e04da9a8d2a3 [stream]
[debug] [2022-10-28T15:32:03.831Z] [uploadQueue] Retrying task c6b1d49b59b0b1352f5527cbefff6c68f6e6006bd27577cc0116be8abff106ba
[debug] [2022-10-28T15:32:03.831Z] >>> [apiv2][query] POST https://upload-firebasehosting.googleapis.com/upload/sites/mamiri263-portfolio-678b4/versions/994ec316fa81092b/files/c6b1d49b59b0b1352f5527cbefff6c68f6e6006bd27577cc0116be8abff106ba [none]
[debug] [2022-10-28T15:32:03.831Z] >>> [apiv2][body] POST https://upload-firebasehosting.googleapis.com/upload/sites/mamiri263-portfolio-678b4/versions/994ec316fa81092b/files/c6b1d49b59b0b1352f5527cbefff6c68f6e6006bd27577cc0116be8abff106ba [stream]
[debug] [2022-10-28T15:32:03.832Z] [uploadQueue] Retrying task b5dabc4b7a726e16ecb57f58feaebda8f983aee5a6975fc7519a1d42a181b6f9
[debug] [2022-10-28T15:32:03.832Z] >>> [apiv2][query] POST https://upload-firebasehosting.googleapis.com/upload/sites/mamiri263-portfolio-678b4/versions/994ec316fa81092b/files/b5dabc4b7a726e16ecb57f58feaebda8f983aee5a6975fc7519a1d42a181b6f9 [none]
[debug] [2022-10-28T15:32:03.833Z] >>> [apiv2][body] POST https://upload-firebasehosting.googleapis.com/upload/sites/mamiri263-portfolio-678b4/versions/994ec316fa81092b/files/b5dabc4b7a726e16ecb57f58feaebda8f983aee5a6975fc7519a1d42a181b6f9 [stream]
[debug] [2022-10-28T15:32:03.834Z] [uploadQueue] Retrying task ad133702a9fbb37252e5e22dfe811fee3e04de83c7b82316ab5847c93ee4740f
[debug] [2022-10-28T15:32:03.834Z] >>> [apiv2][query] POST https://upload-firebasehosting.googleapis.com/upload/sites/mamiri263-portfolio-678b4/versions/994ec316fa81092b/files/ad133702a9fbb37252e5e22dfe811fee3e04de83c7b82316ab5847c93ee4740f [none]
[debug] [2022-10-28T15:32:03.834Z] >>> [apiv2][body] POST https://upload-firebasehosting.googleapis.com/upload/sites/mamiri263-portfolio-678b4/versions/994ec316fa81092b/files/ad133702a9fbb37252e5e22dfe811fee3e04de83c7b82316ab5847c93ee4740f [stream]
[debug] [2022-10-28T15:32:03.835Z] [uploadQueue] Retrying task 29418e5d833a303b5f9e250ee9b4ede990a69b4cffa2684d9a05701fbcbf09f3
[debug] [2022-10-28T15:32:03.835Z] >>> [apiv2][query] POST https://upload-firebasehosting.googleapis.com/upload/sites/mamiri263-portfolio-678b4/versions/994ec316fa81092b/files/29418e5d833a303b5f9e250ee9b4ede990a69b4cffa2684d9a05701fbcbf09f3 [none]
[debug] [2022-10-28T15:32:03.835Z] >>> [apiv2][body] POST https://upload-firebasehosting.googleapis.com/upload/sites/mamiri263-portfolio-678b4/versions/994ec316fa81092b/files/29418e5d833a303b5f9e250ee9b4ede990a69b4cffa2684d9a05701fbcbf09f3 [stream]
[debug] [2022-10-28T15:32:03.836Z] [uploadQueue] Retrying task 18b3a3aa7dbc35178c72b85cc715a4984b3999924fcf10c9f3d8aeae6b7dc9be
[debug] [2022-10-28T15:32:03.836Z] >>> [apiv2][query] POST https://upload-firebasehosting.googleapis.com/upload/sites/mamiri263-portfolio-678b4/versions/994ec316fa81092b/files/18b3a3aa7dbc35178c72b85cc715a4984b3999924fcf10c9f3d8aeae6b7dc9be [none]
[debug] [2022-10-28T15:32:03.836Z] >>> [apiv2][body] POST https://upload-firebasehosting.googleapis.com/upload/sites/mamiri263-portfolio-678b4/versions/994ec316fa81092b/files/18b3a3aa7dbc35178c72b85cc715a4984b3999924fcf10c9f3d8aeae6b7dc9be [stream]
[debug] [2022-10-28T15:32:03.837Z] [uploadQueue] Retrying task 69dad68eb4477781ca0b980edd01c8eefed659cc3d06a43edb335a72e34ce698
[debug] [2022-10-28T15:32:03.838Z] >>> [apiv2][query] POST https://upload-firebasehosting.googleapis.com/upload/sites/mamiri263-portfolio-678b4/versions/994ec316fa81092b/files/69dad68eb4477781ca0b980edd01c8eefed659cc3d06a43edb335a72e34ce698 [none]
[debug] [2022-10-28T15:32:03.838Z] >>> [apiv2][body] POST https://upload-firebasehosting.googleapis.com/upload/sites/mamiri263-portfolio-678b4/versions/994ec316fa81092b/files/69dad68eb4477781ca0b980edd01c8eefed659cc3d06a43edb335a72e34ce698 [stream]
[debug] [2022-10-28T15:32:03.838Z] [uploadQueue] Retrying task 3335b7eb0394d77c00ee7f6d67189e16c316c82087a165133d8161d269d8705b
[debug] [2022-10-28T15:32:03.839Z] >>> [apiv2][query] POST https://upload-firebasehosting.googleapis.com/upload/sites/mamiri263-portfolio-678b4/versions/994ec316fa81092b/files/3335b7eb0394d77c00ee7f6d67189e16c316c82087a165133d8161d269d8705b [none]
[debug] [2022-10-28T15:32:03.839Z] >>> [apiv2][body] POST https://upload-firebasehosting.googleapis.com/upload/sites/mamiri263-portfolio-678b4/versions/994ec316fa81092b/files/3335b7eb0394d77c00ee7f6d67189e16c316c82087a165133d8161d269d8705b [stream]
[debug] [2022-10-28T15:32:03.839Z] [uploadQueue] Retrying task 244fe549e5c6b19b301998823597e5be7a2c95db4c959db4f413fc8db63826c5
[debug] [2022-10-28T15:32:03.840Z] >>> [apiv2][query] POST https://upload-firebasehosting.googleapis.com/upload/sites/mamiri263-portfolio-678b4/versions/994ec316fa81092b/files/244fe549e5c6b19b301998823597e5be7a2c95db4c959db4f413fc8db63826c5 [none]
[debug] [2022-10-28T15:32:03.840Z] >>> [apiv2][body] POST https://upload-firebasehosting.googleapis.com/upload/sites/mamiri263-portfolio-678b4/versions/994ec316fa81092b/files/244fe549e5c6b19b301998823597e5be7a2c95db4c959db4f413fc8db63826c5 [stream]
[debug] [2022-10-28T15:32:03.841Z] [uploadQueue] Retrying task ee73381f7a1cebdecc16fce2081b036f0b909b4a731f8074a793678556084bfe
[debug] [2022-10-28T15:32:03.841Z] >>> [apiv2][query] POST https://upload-firebasehosting.googleapis.com/upload/sites/mamiri263-portfolio-678b4/versions/994ec316fa81092b/files/ee73381f7a1cebdecc16fce2081b036f0b909b4a731f8074a793678556084bfe [none]
[debug] [2022-10-28T15:32:03.841Z] >>> [apiv2][body] POST https://upload-firebasehosting.googleapis.com/upload/sites/mamiri263-portfolio-678b4/versions/994ec316fa81092b/files/ee73381f7a1cebdecc16fce2081b036f0b909b4a731f8074a793678556084bfe [stream]
[debug] [2022-10-28T15:32:03.843Z] [uploadQueue] Retrying task 67a7f2e1da698f9e9ddef40703c550b8d0bab321cc5a9ea37df55ea0782e3776
[debug] [2022-10-28T15:32:03.843Z] >>> [apiv2][query] POST https://upload-firebasehosting.googleapis.com/upload/sites/mamiri263-portfolio-678b4/versions/994ec316fa81092b/files/67a7f2e1da698f9e9ddef40703c550b8d0bab321cc5a9ea37df55ea0782e3776 [none]
[debug] [2022-10-28T15:32:03.843Z] >>> [apiv2][body] POST https://upload-firebasehosting.googleapis.com/upload/sites/mamiri263-portfolio-678b4/versions/994ec316fa81092b/files/67a7f2e1da698f9e9ddef40703c550b8d0bab321cc5a9ea37df55ea0782e3776 [stream]
[debug] [2022-10-28T15:32:03.844Z] [uploadQueue] Retrying task 7ac24f920e857ef98f682ff95084abf9c15e9a8d26ca5e1be6446f1ff41e1ba7
[debug] [2022-10-28T15:32:03.844Z] >>> [apiv2][query] POST https://upload-firebasehosting.googleapis.com/upload/sites/mamiri263-portfolio-678b4/versions/994ec316fa81092b/files/7ac24f920e857ef98f682ff95084abf9c15e9a8d26ca5e1be6446f1ff41e1ba7 [none]
[debug] [2022-10-28T15:32:03.844Z] >>> [apiv2][body] POST https://upload-firebasehosting.googleapis.com/upload/sites/mamiri263-portfolio-678b4/versions/994ec316fa81092b/files/7ac24f920e857ef98f682ff95084abf9c15e9a8d26ca5e1be6446f1ff41e1ba7 [stream]
[debug] [2022-10-28T15:32:03.845Z] [uploadQueue] Retrying task 1f795e0b06d0ace9dc7599dc2d2cbb8e21d1eeb8a67d0588bb4447b6a422da8c
[debug] [2022-10-28T15:32:03.846Z] >>> [apiv2][query] POST https://upload-firebasehosting.googleapis.com/upload/sites/mamiri263-portfolio-678b4/versions/994ec316fa81092b/files/1f795e0b06d0ace9dc7599dc2d2cbb8e21d1eeb8a67d0588bb4447b6a422da8c [none]
[debug] [2022-10-28T15:32:03.846Z] >>> [apiv2][body] POST https://upload-firebasehosting.googleapis.com/upload/sites/mamiri263-portfolio-678b4/versions/994ec316fa81092b/files/1f795e0b06d0ace9dc7599dc2d2cbb8e21d1eeb8a67d0588bb4447b6a422da8c [stream]
[debug] [2022-10-28T15:32:03.846Z] [uploadQueue] Retrying task d939deb0ca6237765d3a5f53b843bb4dafad855ec9e32a09c59dd7f50567d933
[debug] [2022-10-28T15:32:03.847Z] >>> [apiv2][query] POST https://upload-firebasehosting.googleapis.com/upload/sites/mamiri263-portfolio-678b4/versions/994ec316fa81092b/files/d939deb0ca6237765d3a5f53b843bb4dafad855ec9e32a09c59dd7f50567d933 [none]
[debug] [2022-10-28T15:32:03.847Z] >>> [apiv2][body] POST https://upload-firebasehosting.googleapis.com/upload/sites/mamiri263-portfolio-678b4/versions/994ec316fa81092b/files/d939deb0ca6237765d3a5f53b843bb4dafad855ec9e32a09c59dd7f50567d933 [stream]
[debug] [2022-10-28T15:32:20.371Z] [uploadQueue] Retrying task 18de1f156e790caeb7f7b5ba9383a8b7343d95f540633f2b346e24f35ee6b9c1
[debug] [2022-10-28T15:32:20.372Z] >>> [apiv2][query] POST https://upload-firebasehosting.googleapis.com/upload/sites/mamiri263-portfolio-678b4/versions/994ec316fa81092b/files/18de1f156e790caeb7f7b5ba9383a8b7343d95f540633f2b346e24f35ee6b9c1 [none]
[debug] [2022-10-28T15:32:20.372Z] >>> [apiv2][body] POST https://upload-firebasehosting.googleapis.com/upload/sites/mamiri263-portfolio-678b4/versions/994ec316fa81092b/files/18de1f156e790caeb7f7b5ba9383a8b7343d95f540633f2b346e24f35ee6b9c1 [stream]
[debug] [2022-10-28T15:32:32.511Z] [uploadQueue] Retrying task 0b7671b2eaa93095f3199006122c47e3a39f6c016983e667d9af41eeab9183b2
[debug] [2022-10-28T15:32:32.512Z] >>> [apiv2][query] POST https://upload-firebasehosting.googleapis.com/upload/sites/mamiri263-portfolio-678b4/versions/994ec316fa81092b/files/0b7671b2eaa93095f3199006122c47e3a39f6c016983e667d9af41eeab9183b2 [none]
[debug] [2022-10-28T15:32:32.512Z] >>> [apiv2][body] POST https://upload-firebasehosting.googleapis.com/upload/sites/mamiri263-portfolio-678b4/versions/994ec316fa81092b/files/0b7671b2eaa93095f3199006122c47e3a39f6c016983e667d9af41eeab9183b2 [stream]
[debug] [2022-10-28T15:32:33.462Z] [uploadQueue] Retrying task cc8c9bd8e2e7536bf88d1a6e57d47ba4991dab997c1b61197eb6e04da9a8d2a3
[debug] [2022-10-28T15:32:33.463Z] >>> [apiv2][query] POST https://upload-firebasehosting.googleapis.com/upload/sites/mamiri263-portfolio-678b4/versions/994ec316fa81092b/files/cc8c9bd8e2e7536bf88d1a6e57d47ba4991dab997c1b61197eb6e04da9a8d2a3 [none]
[debug] [2022-10-28T15:32:33.463Z] >>> [apiv2][body] POST https://upload-firebasehosting.googleapis.com/upload/sites/mamiri263-portfolio-678b4/versions/994ec316fa81092b/files/cc8c9bd8e2e7536bf88d1a6e57d47ba4991dab997c1b61197eb6e04da9a8d2a3 [stream]
